  VE_Comms.cpp
c:\users\peter\documents\phd\coding_work\vc\visual_enviroment_library\ve_comms\ve_comms.cpp(45): warning C4996: 'strtok': This function or variable may be unsafe. Consider using strtok_s instead. To disable deprecation, use _CRT_SECURE_NO_WARNINGS. See online help for details.
  c:\program files (x86)\windows kits\10\include\10.0.10240.0\ucrt\string.h(453): note: see declaration of 'strtok'
c:\users\peter\documents\phd\coding_work\vc\visual_enviroment_library\ve_comms\ve_comms.cpp(84): warning C4996: 'strtok': This function or variable may be unsafe. Consider using strtok_s instead. To disable deprecation, use _CRT_SECURE_NO_WARNINGS. See online help for details.
  c:\program files (x86)\windows kits\10\include\10.0.10240.0\ucrt\string.h(453): note: see declaration of 'strtok'
c:\users\peter\documents\phd\coding_work\vc\visual_enviroment_library\ve_comms\ve_comms.cpp(121): warning C4996: 'inet_addr': Use inet_pton() or InetPton() instead or define _WINSOCK_DEPRECATED_NO_WARNINGS to disable deprecated API warnings
  c:\program files (x86)\windows kits\8.1\include\um\winsock2.h(1850): note: see declaration of 'inet_addr'
c:\users\peter\documents\phd\coding_work\vc\visual_enviroment_library\ve_comms\ve_comms.cpp(151): warning C4996: 'sprintf': This function or variable may be unsafe. Consider using sprintf_s instead. To disable deprecation, use _CRT_SECURE_NO_WARNINGS. See online help for details.
  c:\program files (x86)\windows kits\10\include\10.0.10240.0\ucrt\stdio.h(1769): note: see declaration of 'sprintf'
c:\users\peter\documents\phd\coding_work\vc\visual_enviroment_library\ve_comms\ve_comms.cpp(167): warning C4996: 'sprintf': This function or variable may be unsafe. Consider using sprintf_s instead. To disable deprecation, use _CRT_SECURE_NO_WARNINGS. See online help for details.
  c:\program files (x86)\windows kits\10\include\10.0.10240.0\ucrt\stdio.h(1769): note: see declaration of 'sprintf'
c:\users\peter\documents\phd\coding_work\vc\visual_enviroment_library\ve_comms\ve_comms.cpp(170): warning C4996: 'sprintf': This function or variable may be unsafe. Consider using sprintf_s instead. To disable deprecation, use _CRT_SECURE_NO_WARNINGS. See online help for details.
  c:\program files (x86)\windows kits\10\include\10.0.10240.0\ucrt\stdio.h(1769): note: see declaration of 'sprintf'
c:\users\peter\documents\phd\coding_work\vc\visual_enviroment_library\ve_comms\ve_comms.cpp(209): warning C4996: 'sprintf': This function or variable may be unsafe. Consider using sprintf_s instead. To disable deprecation, use _CRT_SECURE_NO_WARNINGS. See online help for details.
  c:\program files (x86)\windows kits\10\include\10.0.10240.0\ucrt\stdio.h(1769): note: see declaration of 'sprintf'
c:\users\peter\documents\phd\coding_work\vc\visual_enviroment_library\ve_comms\ve_comms.cpp(220): warning C4996: 'sprintf': This function or variable may be unsafe. Consider using sprintf_s instead. To disable deprecation, use _CRT_SECURE_NO_WARNINGS. See online help for details.
  c:\program files (x86)\windows kits\10\include\10.0.10240.0\ucrt\stdio.h(1769): note: see declaration of 'sprintf'
c:\users\peter\documents\phd\coding_work\vc\visual_enviroment_library\ve_comms\ve_comms.cpp(230): warning C4996: 'sprintf': This function or variable may be unsafe. Consider using sprintf_s instead. To disable deprecation, use _CRT_SECURE_NO_WARNINGS. See online help for details.
  c:\program files (x86)\windows kits\10\include\10.0.10240.0\ucrt\stdio.h(1769): note: see declaration of 'sprintf'
c:\users\peter\documents\phd\coding_work\vc\visual_enviroment_library\ve_comms\ve_comms.cpp(237): warning C4473: 'sprintf' : not enough arguments passed for format string
  c:\users\peter\documents\phd\coding_work\vc\visual_enviroment_library\ve_comms\ve_comms.cpp(237): note: placeholders and their parameters expect 9 variadic arguments, but 8 were provided
  c:\users\peter\documents\phd\coding_work\vc\visual_enviroment_library\ve_comms\ve_comms.cpp(237): note: the missing variadic argument 9 is required by format string '%c'
c:\users\peter\documents\phd\coding_work\vc\visual_enviroment_library\ve_comms\ve_comms.cpp(237): warning C4996: 'sprintf': This function or variable may be unsafe. Consider using sprintf_s instead. To disable deprecation, use _CRT_SECURE_NO_WARNINGS. See online help for details.
  c:\program files (x86)\windows kits\10\include\10.0.10240.0\ucrt\stdio.h(1769): note: see declaration of 'sprintf'
c:\users\peter\documents\phd\coding_work\vc\visual_enviroment_library\ve_comms\ve_comms.cpp(241): warning C4996: 'sprintf': This function or variable may be unsafe. Consider using sprintf_s instead. To disable deprecation, use _CRT_SECURE_NO_WARNINGS. See online help for details.
  c:\program files (x86)\windows kits\10\include\10.0.10240.0\ucrt\stdio.h(1769): note: see declaration of 'sprintf'
c:\users\peter\documents\phd\coding_work\vc\visual_enviroment_library\ve_comms\ve_comms.cpp(254): warning C4996: 'sprintf': This function or variable may be unsafe. Consider using sprintf_s instead. To disable deprecation, use _CRT_SECURE_NO_WARNINGS. See online help for details.
  c:\program files (x86)\windows kits\10\include\10.0.10240.0\ucrt\stdio.h(1769): note: see declaration of 'sprintf'
c:\users\peter\documents\phd\coding_work\vc\visual_enviroment_library\ve_comms\ve_comms.cpp(260): warning C4996: 'sprintf': This function or variable may be unsafe. Consider using sprintf_s instead. To disable deprecation, use _CRT_SECURE_NO_WARNINGS. See online help for details.
  c:\program files (x86)\windows kits\10\include\10.0.10240.0\ucrt\stdio.h(1769): note: see declaration of 'sprintf'
c:\users\peter\documents\phd\coding_work\vc\visual_enviroment_library\ve_comms\ve_comms.cpp(264): warning C4996: 'sprintf': This function or variable may be unsafe. Consider using sprintf_s instead. To disable deprecation, use _CRT_SECURE_NO_WARNINGS. See online help for details.
  c:\program files (x86)\windows kits\10\include\10.0.10240.0\ucrt\stdio.h(1769): note: see declaration of 'sprintf'
c:\users\peter\documents\phd\coding_work\vc\visual_enviroment_library\ve_comms\ve_comms.cpp(276): warning C4474: 'sprintf' : too many arguments passed for format string
  c:\users\peter\documents\phd\coding_work\vc\visual_enviroment_library\ve_comms\ve_comms.cpp(276): note: placeholders and their parameters expect 0 variadic arguments, but 1 were provided
c:\users\peter\documents\phd\coding_work\vc\visual_enviroment_library\ve_comms\ve_comms.cpp(276): warning C4996: 'sprintf': This function or variable may be unsafe. Consider using sprintf_s instead. To disable deprecation, use _CRT_SECURE_NO_WARNINGS. See online help for details.
  c:\program files (x86)\windows kits\10\include\10.0.10240.0\ucrt\stdio.h(1769): note: see declaration of 'sprintf'
  VE_Comms.vcxproj -> C:\Users\Peter\Documents\phd\coding_work\VC\Visual_Enviroment_Library\Debug\VE_Comms.lib
